\BOOKMARK [1][-]{section.1}{\376\377\000I\000n\000t\000r\000o\000d\000u\000c\000t\000i\000o\000n}{}% 1
\BOOKMARK [1][-]{section.2}{\376\377\000R\000e\000l\000a\000t\000e\000d\000\040\000w\000o\000r\000k\000s}{}% 2
\BOOKMARK [1][-]{section.3}{\376\377\000T\000h\000e\000\040\000E\000x\000a\000t\000h\000l\000o\000n\000\040\000p\000r\000o\000j\000e\000c\000t}{}% 3
\BOOKMARK [2][-]{subsection.3.1}{\376\377\000D\000a\000t\000a\000s\000e\000t}{section.3}% 4
\BOOKMARK [2][-]{subsection.3.2}{\376\377\000A\000n\000o\000m\000a\000l\000y\000\040\000d\000e\000t\000e\000c\000t\000i\000o\000n}{section.3}% 5
\BOOKMARK [3][-]{subsubsection.3.2.1}{\376\377\000D\000i\000v\000a\000d}{subsection.3.2}% 6
\BOOKMARK [2][-]{subsection.3.3}{\376\377\000A\000n\000o\000m\000a\000l\000y\000\040\000E\000x\000p\000l\000a\000n\000a\000t\000i\000o\000n}{section.3}% 7
\BOOKMARK [3][-]{subsubsection.3.3.1}{\376\377\000O\000r\000i\000g\000i\000n\000a\000l\000\040\000E\000x\000s\000t\000r\000e\000a\000m}{subsection.3.3}% 8
\BOOKMARK [3][-]{subsubsection.3.3.2}{\376\377\000E\000x\000s\000t\000r\000e\000a\000m\000\040\000u\000s\000i\000n\000g\000\040\000B\000i\000n\000s}{subsection.3.3}% 9
\BOOKMARK [3][-]{subsubsection.3.3.3}{\376\377\000M\000e\000t\000r\000i\000c\000s}{subsection.3.3}% 10
\BOOKMARK [1][-]{section.4}{\376\377\000I\000m\000p\000r\000o\000v\000i\000n\000g\000\040\000t\000h\000e\000\040\000s\000a\000m\000p\000l\000e\000\040\000s\000e\000t}{}% 11
\BOOKMARK [1][-]{section.5}{\376\377\000G\000e\000n\000e\000r\000a\000l\000i\000z\000i\000n\000g\000\040\000E\000x\000s\000t\000r\000e\000a\000m\000\040\000t\000o\000\040\000H\000i\000g\000h\000e\000r\000\040\000d\000i\000m\000e\000n\000s\000i\000o\000n\000s}{}% 12
\BOOKMARK [2][-]{subsection.5.1}{\376\377\000S\000u\000b\000m\000o\000d\000u\000l\000a\000r\000\040\000o\000p\000t\000i\000m\000i\000z\000a\000t\000i\000o\000n}{section.5}% 13
\BOOKMARK [2][-]{subsection.5.2}{\376\377\000M\000e\000t\000h\000o\000d\000s\000\040\000f\000o\000r\000\040\000g\000e\000n\000e\000r\000a\000l\000i\000z\000i\000n\000g\000\040\000E\000n\000t\000r\000o\000p\000y}{section.5}% 14
\BOOKMARK [3][-]{subsubsection.5.2.1}{\376\377\000B\000o\000x\000e\000s}{subsection.5.2}% 15
\BOOKMARK [3][-]{subsubsection.5.2.2}{\376\377\000K\000N\000N}{subsection.5.2}% 16
\BOOKMARK [3][-]{subsubsection.5.2.3}{\376\377\000D\000e\000c\000i\000s\000i\000o\000n\000\040\000T\000r\000e\000e\000s}{subsection.5.2}% 17
\BOOKMARK [1][-]{section.6}{\376\377\000C\000o\000n\000c\000l\000u\000s\000i\000o\000n}{}% 18
\BOOKMARK [1][-]{section.7}{\376\377\000R\000e\000f\000e\000r\000e\000n\000c\000e\000s}{}% 19
\BOOKMARK [1][-]{appendix.A}{\376\377\000A\000p\000p\000e\000n\000d\000i\000x}{}% 20
